<?xml version="1.0" encoding="UTF-8"?>
<!-- Generated by org.testng.reporters.JUnitReportReporter -->
<testsuite skipped="0" hostname="DESKTOP-P92EH1T" name="testngPackage.FourthTest" tests="5" failures="0" timestamp="2022-05-10T14:03:48 IST" time="0.036" errors="0">
  <testcase name="test5" time="0.002" classname="testngPackage.FourthTest"/>
  <system-out/>
  <testcase name="test1" time="0.031" classname="testngPackage.FourthTest"/>
  <system-out/>
  <testcase name="test3" time="0.000" classname="testngPackage.FourthTest"/>
  <system-out/>
  <testcase name="test4" time="0.002" classname="testngPackage.FourthTest"/>
  <system-out/>
  <testcase name="test2" time="0.001" classname="testngPackage.FourthTest"/>
  <system-out/>
</testsuite> <!-- testngPackage.FourthTest -->
