<?xml version="1.0" encoding="UTF-8"?>
<!-- Generated by org.testng.reporters.JUnitReportReporter -->
<testsuite skipped="0" hostname="DESKTOP-P92EH1T" name="testngPackage.ThirdTest" tests="5" failures="0" timestamp="2022-05-10T14:03:48 IST" time="0.023" errors="0">
  <testcase name="test1" time="0.005" classname="testngPackage.ThirdTest"/>
  <system-out/>
  <testcase name="test2" time="0.008" classname="testngPackage.ThirdTest"/>
  <system-out/>
  <testcase name="test3" time="0.002" classname="testngPackage.ThirdTest"/>
  <system-out/>
  <testcase name="test5" time="0.007" classname="testngPackage.ThirdTest"/>
  <system-out/>
  <testcase name="test4" time="0.001" classname="testngPackage.ThirdTest"/>
  <system-out/>
</testsuite> <!-- testngPackage.ThirdTest -->
